[debug] [2022-05-26T19:30:55.790Z] ----------------------------------------------------------------------
[debug] [2022-05-26T19:30:55.793Z] Command:       C:\Program Files\nodejs\node.exe C:\Users\LAVINIA\AppData\Roaming\npm\node_modules\firebase-tools\lib\bin\firebase.js init
[debug] [2022-05-26T19:30:55.793Z] CLI Version:   11.0.1
[debug] [2022-05-26T19:30:55.794Z] Platform:      win32
[debug] [2022-05-26T19:30:55.794Z] Node Version:  v16.15.0
[debug] [2022-05-26T19:30:55.794Z] Time:          Thu May 26 2022 16:30:55 GMT-0300 (Horário Padrão de Brasília)
[debug] [2022-05-26T19:30:55.795Z] ----------------------------------------------------------------------
[debug] 
[debug] [2022-05-26T19:30:55.860Z] > command requires scopes: ["email","openid","https://www.googleapis.com/auth/cloudplatformprojects.readonly","https://www.googleapis.com/auth/firebase","https://www.googleapis.com/auth/cloud-platform"]
[debug] [2022-05-26T19:30:55.861Z] > authorizing via signed-in user (moreiraf242@gmail.com)
[info] 
     ######## #### ########  ######## ########     ###     ######  ########
     ##        ##  ##     ## ##       ##     ##  ##   ##  ##       ##
     ######    ##  ########  ######   ########  #########  ######  ######
     ##        ##  ##    ##  ##       ##     ## ##     ##       ## ##
     ##       #### ##     ## ######## ########  ##     ##  ######  ########

You're about to initialize a Firebase project in this directory:

  C:\Users\LAVINIA

Before we get started, keep in mind:

  * You are initializing within an existing Firebase project directory

[info] 
=== Project Setup
[info] 
[info] First, let's associate this project directory with a Firebase project.
[info] You can create multiple project aliases by running firebase use --add, 
[info] but for now we'll just set up a default project.
[info] 
[debug] [2022-05-26T19:31:14.304Z] Using project from CLI flag: projeto1-2892d
[debug] [2022-05-26T19:31:14.307Z] > refreshing access token with scopes: []
[debug] [2022-05-26T19:31:14.309Z] >>> HTTP REQUEST POST https://www.googleapis.com/oauth2/v3/token  
 <request body omitted>
[debug] [2022-05-26T19:31:14.693Z] <<< HTTP RESPONSE 200 {"cache-control":"no-cache, no-store, max-age=0, must-revalidate","expires":"Mon, 01 Jan 1990 00:00:00 GMT","pragma":"no-cache","date":"Thu, 26 May 2022 19:31:16 GMT","content-type":"application/json; charset=utf-8","vary":"X-Origin, Referer, Origin,Accept-Encoding","server":"scaffolding on HTTPServer2","x-xss-protection":"0","x-frame-options":"SAMEORIGIN","x-content-type-options":"nosniff","alt-svc":"h3=\":443\"; ma=2592000,h3-29=\":443\"; ma=2592000,h3-Q050=\":443\"; ma=2592000,h3-Q046=\":443\"; ma=2592000,h3-Q043=\":443\"; ma=2592000,quic=\":443\"; ma=2592000; v=\"46,43\"","accept-ranges":"none","transfer-encoding":"chunked"}
[debug] [2022-05-26T19:31:14.809Z] >>> [apiv2][query] GET https://firebase.googleapis.com/v1beta1/projects/projeto1-2892d [none]
[debug] [2022-05-26T19:31:16.367Z] <<< [apiv2][status] GET https://firebase.googleapis.com/v1beta1/projects/projeto1-2892d 200
[debug] [2022-05-26T19:31:16.368Z] <<< [apiv2][body] GET https://firebase.googleapis.com/v1beta1/projects/projeto1-2892d {"projectId":"projeto1-2892d","projectNumber":"732090599053","displayName":"projeto1","name":"projects/projeto1-2892d","resources":{"hostingSite":"projeto1-2892d","realtimeDatabaseInstance":"projeto1-2892d-default-rtdb"},"state":"ACTIVE"}
[info] i  Using project projeto1-2892d (projeto1) 
[info] 
=== Hosting Setup
[info] 
[info] Your public directory is the folder (relative to your project directory) that
[info] will contain Hosting assets to be uploaded with firebase deploy. If you
[info] have a build process for your assets, use your build's output directory.
[info] 
[debug] [2022-05-26T19:32:42.370Z] Error: kill ENOSYS
    at process.kill (node:internal/process/per_thread:220:13)
    at process.listener (C:\Users\LAVINIA\AppData\Roaming\npm\node_modules\firebase-tools\node_modules\signal-exit\index.js:95:15)
    at process.emit (node:events:527:28)
[error] 
[error] Error: An unexpected error has occurred.
